<?xml version="1.0" encoding="UTF-8"?>
<!-- Generated by org.testng.reporters.JUnitReportReporter -->
<testsuite hostname="DESKTOP-D2BF483" failures="0" tests="4" name="testrunner.Runner" time="74.146" errors="0" timestamp="2024-06-07T21:12:19 IST" skipped="0">
  <testcase classname="testrunner.Runner" name="runScenario" time="22.191"/>
  <system-out/>
  <testcase classname="testrunner.Runner" name="runScenario" time="22.113"/>
  <system-out/>
  <testcase classname="testrunner.Runner" name="runScenario" time="15.471"/>
  <system-out/>
  <testcase classname="testrunner.Runner" name="runScenario" time="14.371"/>
  <system-out/>
</testsuite> <!-- testrunner.Runner -->
