<?xml version="1.0" encoding="UTF-8"?>
<!-- Generated by org.testng.reporters.JUnitReportReporter -->
<testsuite hostname="DESKTOP-D2BF483" failures="0" tests="4" name="testrunner.Runner" time="93.088" errors="0" timestamp="2024-06-07T22:57:37 IST" skipped="0">
  <testcase classname="testrunner.Runner" name="runScenario" time="23.581"/>
  <system-out/>
  <testcase classname="testrunner.Runner" name="runScenario" time="23.252"/>
  <system-out/>
  <testcase classname="testrunner.Runner" name="runScenario" time="22.975"/>
  <system-out/>
  <testcase classname="testrunner.Runner" name="runScenario" time="23.280"/>
  <system-out/>
</testsuite> <!-- testrunner.Runner -->
