<?xml version="1.0" encoding="UTF-8"?>
<!-- Generated by org.testng.reporters.JUnitReportReporter -->
<testsuite hostname="DESKTOP-D2BF483" failures="0" tests="2" name="testrunner.Runner" time="27.525" errors="0" timestamp="2024-06-08T07:42:51 IST" skipped="0">
  <testcase classname="testrunner.Runner" name="runScenario" time="13.356"/>
  <system-out/>
  <testcase classname="testrunner.Runner" name="runScenario" time="14.169"/>
  <system-out/>
</testsuite> <!-- testrunner.Runner -->
