<?xml version="1.0" encoding="UTF-8"?>
<!-- Generated by org.testng.reporters.JUnitReportReporter -->
<testsuite hostname="TRL-LAP438" failures="0" tests="1" name="testrunners.Runner" time="0.064" errors="0" timestamp="2024-06-05T18:39:19 IST" skipped="0">
  <testcase classname="testrunners.Runner" name="runScenario" time="0.064"/>
</testsuite> <!-- testrunners.Runner -->
